Flutter crash report.
Please report a bug at https://github.com/flutter/flutter/issues.

## command

flutter analyze

## exception

_Exception: Exception: analysis server exited with code 255 and output:
[stderr] #2      Parser.reportAllErrorTokens (package:_fe_analyzer_shared/src/parser/parser_impl.dart:9445:16)
[stderr] #3      Parser.parseUnit (package:_fe_analyzer_shared/src/parser/parser_impl.dart:430:5)
[stderr] #4      Parser.parseCompilationUnit2 (package:analyzer/src/generated/parser.dart:100:32)
[stderr] #5      Parser.parseCompilationUnit (package:analyzer/src/generated/parser.dart:96:12)
[stderr] #6      FileState.parseCode.<anonymous closure> (package:analyzer/src/dart/analysis/file_state.dart:694:25)
[stderr] #7      OperationPerformanceImpl.run (package:analyzer/src/util/performance/operation_performance.dart:155:23)
[stderr] #8      FileState.parseCode (package:analyzer/src/dart/analysis/file_state.dart:668:24)
[stderr] #9      FileState.getParsed (package:analyzer/src/dart/analysis/file_state.dart:625:16)
[stderr] #10     FileState._getUnlinkedUnit (package:analyzer/src/dart/analysis/file_state.dart:902:16)
[stderr] #11     FileState.refresh.<anonymous closure> (package:analyzer/src/dart/analysis/file_state.dart:743:29)
[stderr] #12     OperationPerformanceImpl.run (package:analyzer/src/util/performance/operation_performance.dart:155:23)
[stderr] #13     FileState.refresh (package:analyzer/src/dart/analysis/file_state.dart:742:17)
[stderr] #14     FileSystemState._newFile.<anonymous closure> (package:analyzer/src/dart/analysis/file_state.dart:1706:12)
[stderr] #15     OperationPerformanceImpl.run (package:analyzer/src/util/performance/operation_performance.dart:155:23)
[stderr] #16     FileSystemState._newFile (package:analyzer/src/dart/analysis/file_state.dart:1705:17)
[stderr] #17     FileSystemState.getFileForPath (package:analyzer/src/dart/analysis/file_state.dart:1499:14)
[stderr] #18     AnalysisDriver._discoverLibraries (package:analyzer/src/dart/analysis/driver.dart:1669:16)
[stderr] #19     AnalysisDriver.performWork (package:analyzer/src/dart/analysis/driver.dart:1199:5)
[stderr] #20     AnalysisDriverScheduler._run (package:analyzer/src/dart/analysis/driver.dart:2438:24)
[stderr] <asynchronous suspension>

```
```

## flutter doctor

```
[32m[✓][39m Flutter (Channel stable, 3.29.0, on Microsoft Windows [版本 10.0.26100.4652],
    locale zh-CN) [1,260ms]
    [32m•[39m Flutter version 3.29.0 on channel stable at D:\flutter
    [32m•[39m Upstream repository https://github.com/flutter/flutter.git
    [32m•[39m Framework revision 35c388afb5 (7 months ago), 2025-02-10 12:48:41 -0800
    [32m•[39m Engine revision f73bfc4522
    [32m•[39m Dart version 3.7.0
    [32m•[39m DevTools version 2.42.2
    [32m•[39m Pub download mirror https://mirrors.tuna.tsinghua.edu.cn/dart-pub
    [32m•[39m Flutter download mirror https://mirrors.tuna.tsinghua.edu.cn/flutter

[32m[✓][39m Windows Version (11 家庭中文版 64-bit, 24H2, 2009) [5.3s]

[32m[✓][39m Android toolchain - develop for Android devices (Android SDK version 35.0.0)
    [38.2s]
    [32m•[39m Android SDK at C:\Users\zhang\AppData\Local\Android\Sdk
    [32m•[39m Platform android-35, build-tools 35.0.0
    [32m•[39m Java binary at: E:\Apply\Andriod studio\jbr\bin\java
      This is the JDK bundled with the latest Android Studio installation on
      this machine.
      To manually set the JDK path, use: `flutter config
      --jdk-dir="path/to/jdk"`.
    [32m•[39m Java version OpenJDK Runtime Environment (build 17.0.11+0--11852314)
    [32m•[39m All Android licenses accepted.

[32m[✓][39m Chrome - develop for the web [334ms]
    [32m•[39m Chrome at C:\Program Files\Google\Chrome\Application\chrome.exe

[32m[✓][39m Visual Studio - develop Windows apps (Visual Studio Community 2022 17.14.11)
    [333ms]
    [32m•[39m Visual Studio at C:\Program Files\Microsoft Visual Studio\2022\Community
    [32m•[39m Visual Studio Community 2022 version 17.14.36401.2
    [32m•[39m Windows 10 SDK version 10.0.26100.0

[32m[✓][39m Android Studio (version 2024.1) [31ms]
    [32m•[39m Android Studio at E:\Apply\Andriod studio
    [32m•[39m Flutter plugin can be installed from:
      🔨 https://plugins.jetbrains.com/plugin/9212-flutter
    [32m•[39m Dart plugin can be installed from:
      🔨 https://plugins.jetbrains.com/plugin/6351-dart
    [32m•[39m Java version OpenJDK Runtime Environment (build 17.0.11+0--11852314)

[32m[✓][39m VS Code, 32-bit edition (version 1.32.3) [29ms]
    [32m•[39m VS Code at C:\Program Files (x86)\Microsoft VS Code
    [32m•[39m Flutter extension version 3.118.0

[32m[✓][39m Connected device (4 available) [1,203ms]
    [32m•[39m sdk gphone16k x86 64 (mobile) • emulator-5554 • android-x64    • Android
      15 (API 35) (emulator)
    [32m•[39m Windows (desktop)             • windows       • windows-x64    • Microsoft
      Windows [版本 10.0.26100.4652]
    [32m•[39m Chrome (web)                  • chrome        • web-javascript • Google
      Chrome 139.0.7258.139
    [32m•[39m Edge (web)                    • edge          • web-javascript • Microsoft
      Edge 140.0.3485.66

[32m[✓][39m Network resources [1,157ms]
    [32m•[39m All expected network resources are available.

[32m•[39m No issues found!
```
